{"/home/nicoly/Área de Trabalho/aragon-Nicoly-Barros/modulo6/case-backend/projeto-amaro/src/business/PingBusiness.ts": {"path":"/home/nicoly/Área de Trabalho/aragon-Nicoly-Barros/modulo6/case-backend/projeto-amaro/src/business/PingBusiness.ts","statementMap":{"0":{"start":{"line":2,"column":11},"end":{"line":8,"column":null}},"1":{"start":{"line":3,"column":25},"end":{"line":5,"column":null}},"2":{"start":{"line":7,"column":8},"end":{"line":7,"column":null}},"3":{"start":{"line":1,"column":0},"end":{"line":1,"column":13}}},"fnMap":{"0":{"name":"(anonymous_0)","decl":{"start":{"line":1,"column":0},"end":{"line":1,"column":13}},"loc":{"start":{"line":1,"column":0},"end":{"line":9,"column":1}}},"1":{"name":"(anonymous_1)","decl":{"start":{"line":2,"column":18},"end":{"line":2,"column":23}},"loc":{"start":{"line":2,"column":29},"end":{"line":8,"column":5}}}},"branchMap":{},"s":{"0":1,"1":1,"2":1,"3":1},"f":{"0":1,"1":1},"b":{}}
,"/home/nicoly/Área de Trabalho/aragon-Nicoly-Barros/modulo6/case-backend/projeto-amaro/src/business/ProductBusiness.ts": {"path":"/home/nicoly/Área de Trabalho/aragon-Nicoly-Barros/modulo6/case-backend/projeto-amaro/src/business/ProductBusiness.ts","statementMap":{"0":{"start":{"line":2,"column":0},"end":{"line":2,"column":55}},"1":{"start":{"line":3,"column":0},"end":{"line":3,"column":55}},"2":{"start":{"line":4,"column":0},"end":{"line":4,"column":53}},"3":{"start":{"line":5,"column":0},"end":{"line":5,"column":63}},"4":{"start":{"line":6,"column":0},"end":{"line":6,"column":226}},"5":{"start":{"line":13,"column":16},"end":{"line":13,"column":48}},"6":{"start":{"line":14,"column":16},"end":{"line":14,"column":40}},"7":{"start":{"line":15,"column":16},"end":{"line":15,"column":40}},"8":{"start":{"line":16,"column":16},"end":{"line":16,"column":44}},"9":{"start":{"line":19,"column":11},"end":{"line":76,"column":null}},"10":{"start":{"line":20,"column":23},"end":{"line":20,"column":35}},"11":{"start":{"line":22,"column":8},"end":{"line":51,"column":null}},"12":{"start":{"line":23,"column":31},"end":{"line":23,"column":85}},"13":{"start":{"line":25,"column":12},"end":{"line":27,"column":null}},"14":{"start":{"line":26,"column":16},"end":{"line":26,"column":null}},"15":{"start":{"line":29,"column":29},"end":{"line":34,"column":14}},"16":{"start":{"line":30,"column":16},"end":{"line":33,"column":null}},"17":{"start":{"line":36,"column":12},"end":{"line":44,"column":null}},"18":{"start":{"line":38,"column":36},"end":{"line":38,"column":87}},"19":{"start":{"line":40,"column":29},"end":{"line":40,"column":63}},"20":{"start":{"line":40,"column":55},"end":{"line":40,"column":62}},"21":{"start":{"line":43,"column":16},"end":{"line":43,"column":null}},"22":{"start":{"line":46,"column":52},"end":{"line":48,"column":null}},"23":{"start":{"line":50,"column":12},"end":{"line":50,"column":null}},"24":{"start":{"line":53,"column":27},"end":{"line":53,"column":67}},"25":{"start":{"line":55,"column":25},"end":{"line":60,"column":10}},"26":{"start":{"line":56,"column":12},"end":{"line":59,"column":null}},"27":{"start":{"line":62,"column":8},"end":{"line":69,"column":null}},"28":{"start":{"line":64,"column":32},"end":{"line":64,"column":83}},"29":{"start":{"line":66,"column":25},"end":{"line":66,"column":59}},"30":{"start":{"line":66,"column":51},"end":{"line":66,"column":58}},"31":{"start":{"line":68,"column":12},"end":{"line":68,"column":null}},"32":{"start":{"line":71,"column":48},"end":{"line":73,"column":null}},"33":{"start":{"line":75,"column":8},"end":{"line":75,"column":null}},"34":{"start":{"line":79,"column":11},"end":{"line":101,"column":null}},"35":{"start":{"line":80,"column":23},"end":{"line":80,"column":35}},"36":{"start":{"line":82,"column":20},"end":{"line":82,"column":63}},"37":{"start":{"line":84,"column":8},"end":{"line":86,"column":null}},"38":{"start":{"line":85,"column":12},"end":{"line":85,"column":null}},"39":{"start":{"line":88,"column":22},"end":{"line":88,"column":47}},"40":{"start":{"line":88,"column":39},"end":{"line":88,"column":46}},"41":{"start":{"line":90,"column":25},"end":{"line":90,"column":84}},"42":{"start":{"line":92,"column":8},"end":{"line":94,"column":null}},"43":{"start":{"line":93,"column":12},"end":{"line":93,"column":null}},"44":{"start":{"line":96,"column":53},"end":{"line":98,"column":null}},"45":{"start":{"line":100,"column":8},"end":{"line":100,"column":null}},"46":{"start":{"line":104,"column":11},"end":{"line":139,"column":null}},"47":{"start":{"line":105,"column":21},"end":{"line":105,"column":31}},"48":{"start":{"line":106,"column":22},"end":{"line":106,"column":33}},"49":{"start":{"line":107,"column":24},"end":{"line":107,"column":65}},"50":{"start":{"line":109,"column":8},"end":{"line":111,"column":null}},"51":{"start":{"line":110,"column":12},"end":{"line":110,"column":null}},"52":{"start":{"line":113,"column":8},"end":{"line":115,"column":null}},"53":{"start":{"line":114,"column":12},"end":{"line":114,"column":null}},"54":{"start":{"line":117,"column":8},"end":{"line":119,"column":null}},"55":{"start":{"line":118,"column":12},"end":{"line":118,"column":null}},"56":{"start":{"line":121,"column":8},"end":{"line":123,"column":null}},"57":{"start":{"line":122,"column":12},"end":{"line":122,"column":null}},"58":{"start":{"line":125,"column":19},"end":{"line":125,"column":46}},"59":{"start":{"line":127,"column":27},"end":{"line":129,"column":null}},"60":{"start":{"line":132,"column":8},"end":{"line":132,"column":null}},"61":{"start":{"line":134,"column":48},"end":{"line":136,"column":null}},"62":{"start":{"line":138,"column":8},"end":{"line":138,"column":null}},"63":{"start":{"line":141,"column":11},"end":{"line":201,"column":6}},"64":{"start":{"line":142,"column":26},"end":{"line":142,"column":34}},"65":{"start":{"line":143,"column":24},"end":{"line":143,"column":37}},"66":{"start":{"line":144,"column":22},"end":{"line":144,"column":33}},"67":{"start":{"line":146,"column":24},"end":{"line":146,"column":65}},"68":{"start":{"line":148,"column":8},"end":{"line":150,"column":null}},"69":{"start":{"line":149,"column":12},"end":{"line":149,"column":null}},"70":{"start":{"line":152,"column":8},"end":{"line":154,"column":null}},"71":{"start":{"line":153,"column":12},"end":{"line":153,"column":null}},"72":{"start":{"line":157,"column":8},"end":{"line":159,"column":null}},"73":{"start":{"line":158,"column":12},"end":{"line":158,"column":null}},"74":{"start":{"line":161,"column":8},"end":{"line":163,"column":null}},"75":{"start":{"line":162,"column":12},"end":{"line":162,"column":null}},"76":{"start":{"line":165,"column":30},"end":{"line":165,"column":81}},"77":{"start":{"line":167,"column":8},"end":{"line":169,"column":null}},"78":{"start":{"line":168,"column":12},"end":{"line":168,"column":58}},"79":{"start":{"line":171,"column":24},"end":{"line":171,"column":68}},"80":{"start":{"line":173,"column":8},"end":{"line":175,"column":null}},"81":{"start":{"line":174,"column":12},"end":{"line":174,"column":54}},"82":{"start":{"line":177,"column":23},"end":{"line":177,"column":67}},"83":{"start":{"line":178,"column":22},"end":{"line":178,"column":49}},"84":{"start":{"line":178,"column":41},"end":{"line":178,"column":48}},"85":{"start":{"line":180,"column":31},"end":{"line":180,"column":95}},"86":{"start":{"line":182,"column":8},"end":{"line":184,"column":null}},"87":{"start":{"line":183,"column":12},"end":{"line":183,"column":null}},"88":{"start":{"line":186,"column":19},"end":{"line":186,"column":46}},"89":{"start":{"line":188,"column":37},"end":{"line":192,"column":10}},"90":{"start":{"line":194,"column":8},"end":{"line":194,"column":47}},"91":{"start":{"line":196,"column":43},"end":{"line":198,"column":10}},"92":{"start":{"line":200,"column":8},"end":{"line":200,"column":null}},"93":{"start":{"line":11,"column":0},"end":{"line":11,"column":13}}},"fnMap":{"0":{"name":"(anonymous_0)","decl":{"start":{"line":12,"column":4},"end":{"line":12,"column":null}},"loc":{"start":{"line":16,"column":44},"end":{"line":17,"column":9}}},"1":{"name":"(anonymous_1)","decl":{"start":{"line":19,"column":25},"end":{"line":19,"column":30}},"loc":{"start":{"line":19,"column":63},"end":{"line":76,"column":5}}},"2":{"name":"(anonymous_2)","decl":{"start":{"line":29,"column":44},"end":{"line":29,"column":53}},"loc":{"start":{"line":29,"column":56},"end":{"line":34,"column":13}}},"3":{"name":"(anonymous_3)","decl":{"start":{"line":40,"column":41},"end":{"line":40,"column":42}},"loc":{"start":{"line":40,"column":55},"end":{"line":40,"column":62}}},"4":{"name":"(anonymous_4)","decl":{"start":{"line":55,"column":40},"end":{"line":55,"column":49}},"loc":{"start":{"line":55,"column":52},"end":{"line":60,"column":9}}},"5":{"name":"(anonymous_5)","decl":{"start":{"line":66,"column":37},"end":{"line":66,"column":38}},"loc":{"start":{"line":66,"column":51},"end":{"line":66,"column":58}}},"6":{"name":"(anonymous_6)","decl":{"start":{"line":79,"column":29},"end":{"line":79,"column":34}},"loc":{"start":{"line":79,"column":67},"end":{"line":101,"column":5}}},"7":{"name":"(anonymous_7)","decl":{"start":{"line":88,"column":31},"end":{"line":88,"column":35}},"loc":{"start":{"line":88,"column":39},"end":{"line":88,"column":46}}},"8":{"name":"(anonymous_8)","decl":{"start":{"line":104,"column":25},"end":{"line":104,"column":30}},"loc":{"start":{"line":104,"column":63},"end":{"line":139,"column":5}}},"9":{"name":"(anonymous_9)","decl":{"start":{"line":141,"column":20},"end":{"line":141,"column":25}},"loc":{"start":{"line":141,"column":53},"end":{"line":201,"column":5}}},"10":{"name":"(anonymous_10)","decl":{"start":{"line":178,"column":33},"end":{"line":178,"column":37}},"loc":{"start":{"line":178,"column":41},"end":{"line":178,"column":48}}}},"branchMap":{"0":{"loc":{"start":{"line":22,"column":8},"end":{"line":51,"column":null}},"type":"if","locations":[{"start":{"line":22,"column":8},"end":{"line":51,"column":null}}]},"1":{"loc":{"start":{"line":25,"column":12},"end":{"line":27,"column":null}},"type":"if","locations":[{"start":{"line":25,"column":12},"end":{"line":27,"column":null}}]},"2":{"loc":{"start":{"line":84,"column":8},"end":{"line":86,"column":null}},"type":"if","locations":[{"start":{"line":84,"column":8},"end":{"line":86,"column":null}}]},"3":{"loc":{"start":{"line":92,"column":8},"end":{"line":94,"column":null}},"type":"if","locations":[{"start":{"line":92,"column":8},"end":{"line":94,"column":null}}]},"4":{"loc":{"start":{"line":92,"column":12},"end":{"line":92,"column":46}},"type":"binary-expr","locations":[{"start":{"line":92,"column":12},"end":{"line":92,"column":33}},{"start":{"line":92,"column":37},"end":{"line":92,"column":46}}]},"5":{"loc":{"start":{"line":109,"column":8},"end":{"line":111,"column":null}},"type":"if","locations":[{"start":{"line":109,"column":8},"end":{"line":111,"column":null}}]},"6":{"loc":{"start":{"line":113,"column":8},"end":{"line":115,"column":null}},"type":"if","locations":[{"start":{"line":113,"column":8},"end":{"line":115,"column":null}}]},"7":{"loc":{"start":{"line":117,"column":8},"end":{"line":119,"column":null}},"type":"if","locations":[{"start":{"line":117,"column":8},"end":{"line":119,"column":null}}]},"8":{"loc":{"start":{"line":121,"column":8},"end":{"line":123,"column":null}},"type":"if","locations":[{"start":{"line":121,"column":8},"end":{"line":123,"column":null}}]},"9":{"loc":{"start":{"line":148,"column":8},"end":{"line":150,"column":null}},"type":"if","locations":[{"start":{"line":148,"column":8},"end":{"line":150,"column":null}}]},"10":{"loc":{"start":{"line":152,"column":8},"end":{"line":154,"column":null}},"type":"if","locations":[{"start":{"line":152,"column":8},"end":{"line":154,"column":null}}]},"11":{"loc":{"start":{"line":157,"column":8},"end":{"line":159,"column":null}},"type":"if","locations":[{"start":{"line":157,"column":8},"end":{"line":159,"column":null}}]},"12":{"loc":{"start":{"line":161,"column":8},"end":{"line":163,"column":null}},"type":"if","locations":[{"start":{"line":161,"column":8},"end":{"line":163,"column":null}}]},"13":{"loc":{"start":{"line":167,"column":8},"end":{"line":169,"column":null}},"type":"if","locations":[{"start":{"line":167,"column":8},"end":{"line":169,"column":null}}]},"14":{"loc":{"start":{"line":173,"column":8},"end":{"line":175,"column":null}},"type":"if","locations":[{"start":{"line":173,"column":8},"end":{"line":175,"column":null}}]},"15":{"loc":{"start":{"line":182,"column":8},"end":{"line":184,"column":null}},"type":"if","locations":[{"start":{"line":182,"column":8},"end":{"line":184,"column":null}}]}},"s":{"0":5,"1":5,"2":5,"3":5,"4":5,"5":5,"6":5,"7":5,"8":5,"9":5,"10":2,"11":2,"12":1,"13":1,"14":0,"15":1,"16":2,"17":1,"18":2,"19":2,"20":0,"21":2,"22":1,"23":1,"24":1,"25":1,"26":10,"27":1,"28":10,"29":10,"30":2,"31":10,"32":1,"33":1,"34":5,"35":2,"36":2,"37":2,"38":1,"39":1,"40":1,"41":1,"42":1,"43":0,"44":1,"45":1,"46":5,"47":4,"48":4,"49":4,"50":4,"51":1,"52":3,"53":1,"54":2,"55":0,"56":2,"57":1,"58":1,"59":1,"60":1,"61":1,"62":1,"63":5,"64":6,"65":6,"66":6,"67":6,"68":6,"69":1,"70":5,"71":0,"72":5,"73":1,"74":4,"75":0,"76":4,"77":4,"78":1,"79":3,"80":3,"81":1,"82":2,"83":2,"84":2,"85":2,"86":2,"87":1,"88":1,"89":1,"90":1,"91":1,"92":1,"93":5},"f":{"0":5,"1":2,"2":2,"3":0,"4":10,"5":2,"6":2,"7":1,"8":4,"9":6,"10":2},"b":{"0":[1],"1":[0],"2":[1],"3":[0],"4":[1,1],"5":[1],"6":[1],"7":[0],"8":[1],"9":[1],"10":[0],"11":[1],"12":[0],"13":[1],"14":[1],"15":[1]}}
,"/home/nicoly/Área de Trabalho/aragon-Nicoly-Barros/modulo6/case-backend/projeto-amaro/src/business/UserBusiness.ts": {"path":"/home/nicoly/Área de Trabalho/aragon-Nicoly-Barros/modulo6/case-backend/projeto-amaro/src/business/UserBusiness.ts","statementMap":{"0":{"start":{"line":2,"column":0},"end":{"line":2,"column":55}},"1":{"start":{"line":3,"column":0},"end":{"line":3,"column":55}},"2":{"start":{"line":4,"column":0},"end":{"line":4,"column":53}},"3":{"start":{"line":5,"column":0},"end":{"line":5,"column":63}},"4":{"start":{"line":6,"column":0},"end":{"line":6,"column":117}},"5":{"start":{"line":13,"column":16},"end":{"line":13,"column":42}},"6":{"start":{"line":14,"column":16},"end":{"line":14,"column":40}},"7":{"start":{"line":15,"column":16},"end":{"line":15,"column":40}},"8":{"start":{"line":16,"column":16},"end":{"line":16,"column":44}},"9":{"start":{"line":19,"column":11},"end":{"line":82,"column":null}},"10":{"start":{"line":20,"column":42},"end":{"line":20,"column":47}},"11":{"start":{"line":22,"column":8},"end":{"line":24,"column":null}},"12":{"start":{"line":23,"column":12},"end":{"line":23,"column":null}},"13":{"start":{"line":26,"column":8},"end":{"line":28,"column":null}},"14":{"start":{"line":27,"column":12},"end":{"line":27,"column":null}},"15":{"start":{"line":30,"column":8},"end":{"line":32,"column":null}},"16":{"start":{"line":31,"column":12},"end":{"line":31,"column":null}},"17":{"start":{"line":34,"column":8},"end":{"line":36,"column":null}},"18":{"start":{"line":35,"column":12},"end":{"line":35,"column":null}},"19":{"start":{"line":38,"column":8},"end":{"line":40,"column":null}},"20":{"start":{"line":39,"column":12},"end":{"line":39,"column":null}},"21":{"start":{"line":42,"column":8},"end":{"line":44,"column":null}},"22":{"start":{"line":43,"column":12},"end":{"line":43,"column":null}},"23":{"start":{"line":46,"column":8},"end":{"line":48,"column":null}},"24":{"start":{"line":47,"column":12},"end":{"line":47,"column":null}},"25":{"start":{"line":50,"column":32},"end":{"line":50,"column":74}},"26":{"start":{"line":52,"column":8},"end":{"line":54,"column":null}},"27":{"start":{"line":53,"column":12},"end":{"line":53,"column":null}},"28":{"start":{"line":56,"column":19},"end":{"line":56,"column":46}},"29":{"start":{"line":57,"column":31},"end":{"line":57,"column":68}},"30":{"start":{"line":59,"column":21},"end":{"line":64,"column":null}},"31":{"start":{"line":67,"column":8},"end":{"line":67,"column":null}},"32":{"start":{"line":69,"column":39},"end":{"line":72,"column":null}},"33":{"start":{"line":74,"column":22},"end":{"line":74,"column":63}},"34":{"start":{"line":76,"column":43},"end":{"line":79,"column":null}},"35":{"start":{"line":81,"column":8},"end":{"line":81,"column":null}},"36":{"start":{"line":85,"column":11},"end":{"line":144,"column":null}},"37":{"start":{"line":86,"column":36},"end":{"line":86,"column":41}},"38":{"start":{"line":88,"column":8},"end":{"line":90,"column":null}},"39":{"start":{"line":89,"column":12},"end":{"line":89,"column":null}},"40":{"start":{"line":92,"column":8},"end":{"line":94,"column":null}},"41":{"start":{"line":93,"column":12},"end":{"line":93,"column":null}},"42":{"start":{"line":96,"column":8},"end":{"line":98,"column":null}},"43":{"start":{"line":97,"column":12},"end":{"line":97,"column":null}},"44":{"start":{"line":100,"column":8},"end":{"line":102,"column":null}},"45":{"start":{"line":101,"column":12},"end":{"line":101,"column":null}},"46":{"start":{"line":104,"column":8},"end":{"line":106,"column":null}},"47":{"start":{"line":105,"column":12},"end":{"line":105,"column":null}},"48":{"start":{"line":108,"column":32},"end":{"line":108,"column":74}},"49":{"start":{"line":110,"column":8},"end":{"line":112,"column":null}},"50":{"start":{"line":111,"column":12},"end":{"line":111,"column":null}},"51":{"start":{"line":114,"column":21},"end":{"line":119,"column":null}},"52":{"start":{"line":122,"column":34},"end":{"line":124,"column":null}},"53":{"start":{"line":127,"column":8},"end":{"line":129,"column":null}},"54":{"start":{"line":128,"column":12},"end":{"line":128,"column":null}},"55":{"start":{"line":131,"column":39},"end":{"line":134,"column":null}},"56":{"start":{"line":136,"column":22},"end":{"line":136,"column":63}},"57":{"start":{"line":138,"column":42},"end":{"line":141,"column":null}},"58":{"start":{"line":143,"column":8},"end":{"line":143,"column":null}},"59":{"start":{"line":11,"column":0},"end":{"line":11,"column":13}}},"fnMap":{"0":{"name":"(anonymous_0)","decl":{"start":{"line":12,"column":4},"end":{"line":12,"column":null}},"loc":{"start":{"line":16,"column":44},"end":{"line":17,"column":9}}},"1":{"name":"(anonymous_1)","decl":{"start":{"line":19,"column":20},"end":{"line":19,"column":25}},"loc":{"start":{"line":19,"column":53},"end":{"line":82,"column":5}}},"2":{"name":"(anonymous_2)","decl":{"start":{"line":85,"column":19},"end":{"line":85,"column":24}},"loc":{"start":{"line":85,"column":51},"end":{"line":144,"column":5}}}},"branchMap":{"0":{"loc":{"start":{"line":22,"column":8},"end":{"line":24,"column":null}},"type":"if","locations":[{"start":{"line":22,"column":8},"end":{"line":24,"column":null}}]},"1":{"loc":{"start":{"line":22,"column":12},"end":{"line":22,"column":40}},"type":"binary-expr","locations":[{"start":{"line":22,"column":12},"end":{"line":22,"column":17}},{"start":{"line":22,"column":21},"end":{"line":22,"column":27}},{"start":{"line":22,"column":31},"end":{"line":22,"column":40}}]},"2":{"loc":{"start":{"line":26,"column":8},"end":{"line":28,"column":null}},"type":"if","locations":[{"start":{"line":26,"column":8},"end":{"line":28,"column":null}}]},"3":{"loc":{"start":{"line":30,"column":8},"end":{"line":32,"column":null}},"type":"if","locations":[{"start":{"line":30,"column":8},"end":{"line":32,"column":null}}]},"4":{"loc":{"start":{"line":34,"column":8},"end":{"line":36,"column":null}},"type":"if","locations":[{"start":{"line":34,"column":8},"end":{"line":36,"column":null}}]},"5":{"loc":{"start":{"line":38,"column":8},"end":{"line":40,"column":null}},"type":"if","locations":[{"start":{"line":38,"column":8},"end":{"line":40,"column":null}}]},"6":{"loc":{"start":{"line":42,"column":8},"end":{"line":44,"column":null}},"type":"if","locations":[{"start":{"line":42,"column":8},"end":{"line":44,"column":null}}]},"7":{"loc":{"start":{"line":46,"column":8},"end":{"line":48,"column":null}},"type":"if","locations":[{"start":{"line":46,"column":8},"end":{"line":48,"column":null}}]},"8":{"loc":{"start":{"line":52,"column":8},"end":{"line":54,"column":null}},"type":"if","locations":[{"start":{"line":52,"column":8},"end":{"line":54,"column":null}}]},"9":{"loc":{"start":{"line":88,"column":8},"end":{"line":90,"column":null}},"type":"if","locations":[{"start":{"line":88,"column":8},"end":{"line":90,"column":null}}]},"10":{"loc":{"start":{"line":88,"column":11},"end":{"line":88,"column":30}},"type":"binary-expr","locations":[{"start":{"line":88,"column":11},"end":{"line":88,"column":17}},{"start":{"line":88,"column":21},"end":{"line":88,"column":30}}]},"11":{"loc":{"start":{"line":92,"column":8},"end":{"line":94,"column":null}},"type":"if","locations":[{"start":{"line":92,"column":8},"end":{"line":94,"column":null}}]},"12":{"loc":{"start":{"line":96,"column":8},"end":{"line":98,"column":null}},"type":"if","locations":[{"start":{"line":96,"column":8},"end":{"line":98,"column":null}}]},"13":{"loc":{"start":{"line":100,"column":8},"end":{"line":102,"column":null}},"type":"if","locations":[{"start":{"line":100,"column":8},"end":{"line":102,"column":null}}]},"14":{"loc":{"start":{"line":104,"column":8},"end":{"line":106,"column":null}},"type":"if","locations":[{"start":{"line":104,"column":8},"end":{"line":106,"column":null}}]},"15":{"loc":{"start":{"line":110,"column":8},"end":{"line":112,"column":null}},"type":"if","locations":[{"start":{"line":110,"column":8},"end":{"line":112,"column":null}}]},"16":{"loc":{"start":{"line":127,"column":8},"end":{"line":129,"column":null}},"type":"if","locations":[{"start":{"line":127,"column":8},"end":{"line":129,"column":null}}]}},"s":{"0":2,"1":2,"2":2,"3":2,"4":2,"5":2,"6":2,"7":2,"8":2,"9":2,"10":4,"11":4,"12":0,"13":4,"14":0,"15":4,"16":0,"17":4,"18":0,"19":4,"20":0,"21":4,"22":1,"23":3,"24":1,"25":2,"26":2,"27":1,"28":1,"29":1,"30":1,"31":1,"32":1,"33":1,"34":1,"35":1,"36":2,"37":4,"38":4,"39":0,"40":4,"41":0,"42":4,"43":0,"44":4,"45":0,"46":4,"47":1,"48":3,"49":3,"50":1,"51":2,"52":2,"53":2,"54":1,"55":1,"56":1,"57":1,"58":1,"59":2},"f":{"0":2,"1":4,"2":4},"b":{"0":[0],"1":[4,4,4],"2":[0],"3":[0],"4":[0],"5":[0],"6":[1],"7":[1],"8":[1],"9":[0],"10":[4,4],"11":[0],"12":[0],"13":[0],"14":[1],"15":[1],"16":[1]}}
,"/home/nicoly/Área de Trabalho/aragon-Nicoly-Barros/modulo6/case-backend/projeto-amaro/src/database/BaseDatabase.ts": {"path":"/home/nicoly/Área de Trabalho/aragon-Nicoly-Barros/modulo6/case-backend/projeto-amaro/src/database/BaseDatabase.ts","statementMap":{"0":{"start":{"line":1,"column":0},"end":{"line":1,"column":23}},"1":{"start":{"line":2,"column":0},"end":{"line":2,"column":27}},"2":{"start":{"line":4,"column":0},"end":{"line":4,"column":null}},"3":{"start":{"line":6,"column":0},"end":{"line":6,"column":22}},"4":{"start":{"line":7,"column":21},"end":{"line":17,"column":null}}},"fnMap":{},"branchMap":{},"s":{"0":7,"1":7,"2":7,"3":7,"4":7},"f":{},"b":{}}
,"/home/nicoly/Área de Trabalho/aragon-Nicoly-Barros/modulo6/case-backend/projeto-amaro/src/errors/BaseError.ts": {"path":"/home/nicoly/Área de Trabalho/aragon-Nicoly-Barros/modulo6/case-backend/projeto-amaro/src/errors/BaseError.ts","statementMap":{"0":{"start":{"line":6,"column":8},"end":{"line":6,"column":null}},"1":{"start":{"line":3,"column":15},"end":{"line":3,"column":36}},"2":{"start":{"line":1,"column":0},"end":{"line":1,"column":13}}},"fnMap":{"0":{"name":"(anonymous_0)","decl":{"start":{"line":2,"column":4},"end":{"line":2,"column":null}},"loc":{"start":{"line":4,"column":28},"end":{"line":7,"column":5}}}},"branchMap":{"0":{"loc":{"start":{"line":3,"column":15},"end":{"line":3,"column":39}},"type":"default-arg","locations":[{"start":{"line":3,"column":36},"end":{"line":3,"column":39}}]},"1":{"loc":{"start":{"line":4,"column":8},"end":{"line":4,"column":28}},"type":"default-arg","locations":[{"start":{"line":4,"column":26},"end":{"line":4,"column":28}}]}},"s":{"0":15,"1":15,"2":7},"f":{"0":15},"b":{"0":[0],"1":[0]}}
,"/home/nicoly/Área de Trabalho/aragon-Nicoly-Barros/modulo6/case-backend/projeto-amaro/src/errors/ConflictError.ts": {"path":"/home/nicoly/Área de Trabalho/aragon-Nicoly-Barros/modulo6/case-backend/projeto-amaro/src/errors/ConflictError.ts","statementMap":{"0":{"start":{"line":1,"column":0},"end":{"line":1,"column":40}},"1":{"start":{"line":7,"column":8},"end":{"line":7,"column":null}},"2":{"start":{"line":3,"column":0},"end":{"line":3,"column":13}}},"fnMap":{"0":{"name":"(anonymous_0)","decl":{"start":{"line":4,"column":4},"end":{"line":4,"column":null}},"loc":{"start":{"line":5,"column":45},"end":{"line":8,"column":5}}}},"branchMap":{"0":{"loc":{"start":{"line":5,"column":8},"end":{"line":5,"column":45}},"type":"default-arg","locations":[{"start":{"line":5,"column":26},"end":{"line":5,"column":45}}]}},"s":{"0":7,"1":2,"2":7},"f":{"0":2},"b":{"0":[0]}}
,"/home/nicoly/Área de Trabalho/aragon-Nicoly-Barros/modulo6/case-backend/projeto-amaro/src/errors/NotFoundError.ts": {"path":"/home/nicoly/Área de Trabalho/aragon-Nicoly-Barros/modulo6/case-backend/projeto-amaro/src/errors/NotFoundError.ts","statementMap":{"0":{"start":{"line":1,"column":0},"end":{"line":1,"column":40}},"1":{"start":{"line":7,"column":8},"end":{"line":7,"column":null}},"2":{"start":{"line":3,"column":0},"end":{"line":3,"column":13}}},"fnMap":{"0":{"name":"(anonymous_0)","decl":{"start":{"line":4,"column":4},"end":{"line":4,"column":null}},"loc":{"start":{"line":5,"column":50},"end":{"line":8,"column":5}}}},"branchMap":{"0":{"loc":{"start":{"line":5,"column":8},"end":{"line":5,"column":50}},"type":"default-arg","locations":[{"start":{"line":5,"column":26},"end":{"line":5,"column":50}}]}},"s":{"0":7,"1":3,"2":7},"f":{"0":3},"b":{"0":[0]}}
,"/home/nicoly/Área de Trabalho/aragon-Nicoly-Barros/modulo6/case-backend/projeto-amaro/src/errors/RequestError.ts": {"path":"/home/nicoly/Área de Trabalho/aragon-Nicoly-Barros/modulo6/case-backend/projeto-amaro/src/errors/RequestError.ts","statementMap":{"0":{"start":{"line":1,"column":0},"end":{"line":1,"column":40}},"1":{"start":{"line":7,"column":8},"end":{"line":7,"column":null}},"2":{"start":{"line":3,"column":0},"end":{"line":3,"column":13}}},"fnMap":{"0":{"name":"(anonymous_0)","decl":{"start":{"line":4,"column":4},"end":{"line":4,"column":null}},"loc":{"start":{"line":5,"column":47},"end":{"line":8,"column":5}}}},"branchMap":{"0":{"loc":{"start":{"line":5,"column":8},"end":{"line":5,"column":47}},"type":"default-arg","locations":[{"start":{"line":5,"column":26},"end":{"line":5,"column":47}}]}},"s":{"0":7,"1":7,"2":7},"f":{"0":7},"b":{"0":[0]}}
,"/home/nicoly/Área de Trabalho/aragon-Nicoly-Barros/modulo6/case-backend/projeto-amaro/src/errors/UnauthorizedError.ts": {"path":"/home/nicoly/Área de Trabalho/aragon-Nicoly-Barros/modulo6/case-backend/projeto-amaro/src/errors/UnauthorizedError.ts","statementMap":{"0":{"start":{"line":1,"column":0},"end":{"line":1,"column":40}},"1":{"start":{"line":7,"column":8},"end":{"line":7,"column":null}},"2":{"start":{"line":3,"column":0},"end":{"line":3,"column":13}}},"fnMap":{"0":{"name":"(anonymous_0)","decl":{"start":{"line":4,"column":4},"end":{"line":4,"column":null}},"loc":{"start":{"line":5,"column":49},"end":{"line":8,"column":5}}}},"branchMap":{"0":{"loc":{"start":{"line":5,"column":8},"end":{"line":5,"column":49}},"type":"default-arg","locations":[{"start":{"line":5,"column":26},"end":{"line":5,"column":49}}]}},"s":{"0":7,"1":3,"2":7},"f":{"0":3},"b":{"0":[0]}}
,"/home/nicoly/Área de Trabalho/aragon-Nicoly-Barros/modulo6/case-backend/projeto-amaro/src/models/Products.ts": {"path":"/home/nicoly/Área de Trabalho/aragon-Nicoly-Barros/modulo6/case-backend/projeto-amaro/src/models/Products.ts","statementMap":{"0":{"start":{"line":19,"column":16},"end":{"line":19,"column":26}},"1":{"start":{"line":20,"column":16},"end":{"line":20,"column":28}},"2":{"start":{"line":21,"column":16},"end":{"line":21,"column":33}},"3":{"start":{"line":24,"column":11},"end":{"line":26,"column":null}},"4":{"start":{"line":25,"column":8},"end":{"line":25,"column":null}},"5":{"start":{"line":28,"column":11},"end":{"line":30,"column":null}},"6":{"start":{"line":29,"column":8},"end":{"line":29,"column":null}},"7":{"start":{"line":32,"column":11},"end":{"line":34,"column":null}},"8":{"start":{"line":33,"column":8},"end":{"line":33,"column":null}},"9":{"start":{"line":36,"column":11},"end":{"line":38,"column":null}},"10":{"start":{"line":37,"column":8},"end":{"line":37,"column":null}},"11":{"start":{"line":40,"column":11},"end":{"line":42,"column":null}},"12":{"start":{"line":41,"column":8},"end":{"line":41,"column":null}},"13":{"start":{"line":44,"column":11},"end":{"line":46,"column":null}},"14":{"start":{"line":45,"column":8},"end":{"line":45,"column":null}},"15":{"start":{"line":17,"column":0},"end":{"line":17,"column":13}}},"fnMap":{"0":{"name":"(anonymous_0)","decl":{"start":{"line":18,"column":4},"end":{"line":18,"column":null}},"loc":{"start":{"line":21,"column":35},"end":{"line":22,"column":9}}},"1":{"name":"(anonymous_1)","decl":{"start":{"line":24,"column":19},"end":{"line":24,"column":22}},"loc":{"start":{"line":24,"column":24},"end":{"line":26,"column":5}}},"2":{"name":"(anonymous_2)","decl":{"start":{"line":28,"column":21},"end":{"line":28,"column":24}},"loc":{"start":{"line":28,"column":26},"end":{"line":30,"column":5}}},"3":{"name":"(anonymous_3)","decl":{"start":{"line":32,"column":21},"end":{"line":32,"column":24}},"loc":{"start":{"line":32,"column":26},"end":{"line":34,"column":5}}},"4":{"name":"(anonymous_4)","decl":{"start":{"line":36,"column":19},"end":{"line":36,"column":20}},"loc":{"start":{"line":36,"column":37},"end":{"line":38,"column":5}}},"5":{"name":"(anonymous_5)","decl":{"start":{"line":40,"column":21},"end":{"line":40,"column":22}},"loc":{"start":{"line":40,"column":41},"end":{"line":42,"column":5}}},"6":{"name":"(anonymous_6)","decl":{"start":{"line":44,"column":21},"end":{"line":44,"column":22}},"loc":{"start":{"line":44,"column":42},"end":{"line":46,"column":5}}}},"branchMap":{"0":{"loc":{"start":{"line":21,"column":16},"end":{"line":21,"column":35}},"type":"default-arg","locations":[{"start":{"line":21,"column":33},"end":{"line":21,"column":35}}]}},"s":{"0":13,"1":13,"2":13,"3":13,"4":14,"5":13,"6":2,"7":13,"8":0,"9":13,"10":0,"11":13,"12":0,"13":13,"14":12,"15":5},"f":{"0":13,"1":14,"2":2,"3":0,"4":0,"5":0,"6":12},"b":{"0":[13]}}
,"/home/nicoly/Área de Trabalho/aragon-Nicoly-Barros/modulo6/case-backend/projeto-amaro/src/models/User.ts": {"path":"/home/nicoly/Área de Trabalho/aragon-Nicoly-Barros/modulo6/case-backend/projeto-amaro/src/models/User.ts","statementMap":{"0":{"start":{"line":1,"column":0},"end":{"line":1,"column":null}},"1":{"start":{"line":2,"column":4},"end":{"line":2,"column":null}},"2":{"start":{"line":3,"column":4},"end":{"line":3,"column":null}},"3":{"start":{"line":16,"column":16},"end":{"line":16,"column":26}},"4":{"start":{"line":17,"column":16},"end":{"line":17,"column":28}},"5":{"start":{"line":18,"column":16},"end":{"line":18,"column":29}},"6":{"start":{"line":19,"column":16},"end":{"line":19,"column":32}},"7":{"start":{"line":20,"column":16},"end":{"line":20,"column":32}},"8":{"start":{"line":23,"column":11},"end":{"line":25,"column":null}},"9":{"start":{"line":24,"column":8},"end":{"line":24,"column":null}},"10":{"start":{"line":27,"column":11},"end":{"line":29,"column":null}},"11":{"start":{"line":28,"column":8},"end":{"line":28,"column":null}},"12":{"start":{"line":31,"column":11},"end":{"line":33,"column":null}},"13":{"start":{"line":32,"column":8},"end":{"line":32,"column":null}},"14":{"start":{"line":35,"column":11},"end":{"line":37,"column":null}},"15":{"start":{"line":36,"column":8},"end":{"line":36,"column":null}},"16":{"start":{"line":39,"column":11},"end":{"line":41,"column":null}},"17":{"start":{"line":40,"column":8},"end":{"line":40,"column":null}},"18":{"start":{"line":43,"column":11},"end":{"line":45,"column":null}},"19":{"start":{"line":44,"column":8},"end":{"line":44,"column":null}},"20":{"start":{"line":47,"column":11},"end":{"line":49,"column":null}},"21":{"start":{"line":48,"column":8},"end":{"line":48,"column":null}},"22":{"start":{"line":51,"column":11},"end":{"line":53,"column":null}},"23":{"start":{"line":52,"column":8},"end":{"line":52,"column":null}},"24":{"start":{"line":55,"column":11},"end":{"line":57,"column":null}},"25":{"start":{"line":56,"column":8},"end":{"line":56,"column":null}},"26":{"start":{"line":59,"column":11},"end":{"line":61,"column":null}},"27":{"start":{"line":60,"column":8},"end":{"line":60,"column":null}},"28":{"start":{"line":14,"column":0},"end":{"line":14,"column":13}}},"fnMap":{"0":{"name":"(anonymous_0)","decl":{"start":{"line":1,"column":0},"end":{"line":1,"column":12}},"loc":{"start":{"line":1,"column":22},"end":{"line":4,"column":1}}},"1":{"name":"(anonymous_1)","decl":{"start":{"line":15,"column":4},"end":{"line":15,"column":null}},"loc":{"start":{"line":20,"column":32},"end":{"line":21,"column":9}}},"2":{"name":"(anonymous_2)","decl":{"start":{"line":23,"column":19},"end":{"line":23,"column":22}},"loc":{"start":{"line":23,"column":24},"end":{"line":25,"column":5}}},"3":{"name":"(anonymous_3)","decl":{"start":{"line":27,"column":21},"end":{"line":27,"column":24}},"loc":{"start":{"line":27,"column":26},"end":{"line":29,"column":5}}},"4":{"name":"(anonymous_4)","decl":{"start":{"line":31,"column":22},"end":{"line":31,"column":25}},"loc":{"start":{"line":31,"column":27},"end":{"line":33,"column":5}}},"5":{"name":"(anonymous_5)","decl":{"start":{"line":35,"column":25},"end":{"line":35,"column":28}},"loc":{"start":{"line":35,"column":30},"end":{"line":37,"column":5}}},"6":{"name":"(anonymous_6)","decl":{"start":{"line":39,"column":21},"end":{"line":39,"column":24}},"loc":{"start":{"line":39,"column":26},"end":{"line":41,"column":5}}},"7":{"name":"(anonymous_7)","decl":{"start":{"line":43,"column":19},"end":{"line":43,"column":20}},"loc":{"start":{"line":43,"column":37},"end":{"line":45,"column":5}}},"8":{"name":"(anonymous_8)","decl":{"start":{"line":47,"column":21},"end":{"line":47,"column":22}},"loc":{"start":{"line":47,"column":41},"end":{"line":49,"column":5}}},"9":{"name":"(anonymous_9)","decl":{"start":{"line":51,"column":22},"end":{"line":51,"column":23}},"loc":{"start":{"line":51,"column":43},"end":{"line":53,"column":5}}},"10":{"name":"(anonymous_10)","decl":{"start":{"line":55,"column":25},"end":{"line":55,"column":26}},"loc":{"start":{"line":55,"column":49},"end":{"line":57,"column":5}}},"11":{"name":"(anonymous_11)","decl":{"start":{"line":59,"column":21},"end":{"line":59,"column":22}},"loc":{"start":{"line":59,"column":45},"end":{"line":61,"column":5}}}},"branchMap":{"0":{"loc":{"start":{"line":1,"column":12},"end":{"line":1,"column":null}},"type":"binary-expr","locations":[{"start":{"line":1,"column":12},"end":{"line":1,"column":22}},{"start":{"line":1,"column":12},"end":{"line":1,"column":null}}]}},"s":{"0":7,"1":7,"2":7,"3":3,"4":3,"5":3,"6":3,"7":3,"8":3,"9":2,"10":3,"11":0,"12":3,"13":0,"14":3,"15":2,"16":3,"17":2,"18":3,"19":0,"20":3,"21":0,"22":3,"23":0,"24":3,"25":0,"26":3,"27":0,"28":7},"f":{"0":7,"1":3,"2":2,"3":0,"4":0,"5":2,"6":2,"7":0,"8":0,"9":0,"10":0,"11":0},"b":{"0":[7,7]}}
,"/home/nicoly/Área de Trabalho/aragon-Nicoly-Barros/modulo6/case-backend/projeto-amaro/tests/mocks/ProductDatabaseMock.ts": {"path":"/home/nicoly/Área de Trabalho/aragon-Nicoly-Barros/modulo6/case-backend/projeto-amaro/tests/mocks/ProductDatabaseMock.ts","statementMap":{"0":{"start":{"line":1,"column":0},"end":{"line":1,"column":62}},"1":{"start":{"line":10,"column":11},"end":{"line":55,"column":null}},"2":{"start":{"line":11,"column":39},"end":{"line":52,"column":10}},"3":{"start":{"line":54,"column":8},"end":{"line":54,"column":null}},"4":{"start":{"line":57,"column":11},"end":{"line":75,"column":null}},"5":{"start":{"line":58,"column":39},"end":{"line":67,"column":null}},"6":{"start":{"line":69,"column":8},"end":{"line":74,"column":null}},"7":{"start":{"line":71,"column":16},"end":{"line":71,"column":null}},"8":{"start":{"line":73,"column":16},"end":{"line":73,"column":null}},"9":{"start":{"line":77,"column":11},"end":{"line":95,"column":null}},"10":{"start":{"line":78,"column":39},"end":{"line":87,"column":null}},"11":{"start":{"line":89,"column":8},"end":{"line":94,"column":null}},"12":{"start":{"line":91,"column":16},"end":{"line":91,"column":null}},"13":{"start":{"line":93,"column":16},"end":{"line":93,"column":null}},"14":{"start":{"line":97,"column":11},"end":{"line":129,"column":null}},"15":{"start":{"line":98,"column":37},"end":{"line":103,"column":null}},"16":{"start":{"line":105,"column":37},"end":{"line":110,"column":null}},"17":{"start":{"line":112,"column":37},"end":{"line":117,"column":null}},"18":{"start":{"line":119,"column":8},"end":{"line":128,"column":null}},"19":{"start":{"line":121,"column":16},"end":{"line":121,"column":null}},"20":{"start":{"line":123,"column":16},"end":{"line":123,"column":null}},"21":{"start":{"line":125,"column":16},"end":{"line":125,"column":null}},"22":{"start":{"line":127,"column":16},"end":{"line":127,"column":null}},"23":{"start":{"line":131,"column":11},"end":{"line":143,"column":null}},"24":{"start":{"line":132,"column":31},"end":{"line":135,"column":null}},"25":{"start":{"line":137,"column":8},"end":{"line":142,"column":null}},"26":{"start":{"line":139,"column":16},"end":{"line":139,"column":null}},"27":{"start":{"line":141,"column":16},"end":{"line":141,"column":null}},"28":{"start":{"line":145,"column":11},"end":{"line":152,"column":null}},"29":{"start":{"line":146,"column":38},"end":{"line":149,"column":null}},"30":{"start":{"line":151,"column":8},"end":{"line":151,"column":null}},"31":{"start":{"line":154,"column":11},"end":{"line":156,"column":null}},"32":{"start":{"line":158,"column":11},"end":{"line":160,"column":6}},"33":{"start":{"line":162,"column":11},"end":{"line":172,"column":6}},"34":{"start":{"line":163,"column":8},"end":{"line":171,"column":null}},"35":{"start":{"line":165,"column":16},"end":{"line":168,"column":null}},"36":{"start":{"line":170,"column":16},"end":{"line":170,"column":null}},"37":{"start":{"line":174,"column":11},"end":{"line":194,"column":null}},"38":{"start":{"line":175,"column":8},"end":{"line":183,"column":null}},"39":{"start":{"line":176,"column":12},"end":{"line":180,"column":null}},"40":{"start":{"line":182,"column":12},"end":{"line":182,"column":null}},"41":{"start":{"line":5,"column":0},"end":{"line":5,"column":13}},"42":{"start":{"line":6,"column":18},"end":{"line":6,"column":null}},"43":{"start":{"line":7,"column":18},"end":{"line":7,"column":null}},"44":{"start":{"line":8,"column":18},"end":{"line":8,"column":null}}},"fnMap":{"0":{"name":"(anonymous_0)","decl":{"start":{"line":5,"column":0},"end":{"line":5,"column":13}},"loc":{"start":{"line":5,"column":0},"end":{"line":195,"column":1}}},"1":{"name":"(anonymous_1)","decl":{"start":{"line":10,"column":25},"end":{"line":10,"column":30}},"loc":{"start":{"line":10,"column":71},"end":{"line":55,"column":5}}},"2":{"name":"(anonymous_2)","decl":{"start":{"line":57,"column":33},"end":{"line":57,"column":38}},"loc":{"start":{"line":57,"column":93},"end":{"line":75,"column":5}}},"3":{"name":"(anonymous_3)","decl":{"start":{"line":77,"column":36},"end":{"line":77,"column":41}},"loc":{"start":{"line":77,"column":96},"end":{"line":95,"column":5}}},"4":{"name":"(anonymous_4)","decl":{"start":{"line":97,"column":22},"end":{"line":97,"column":27}},"loc":{"start":{"line":97,"column":75},"end":{"line":129,"column":5}}},"5":{"name":"(anonymous_5)","decl":{"start":{"line":131,"column":21},"end":{"line":131,"column":26}},"loc":{"start":{"line":131,"column":73},"end":{"line":143,"column":5}}},"6":{"name":"(anonymous_6)","decl":{"start":{"line":145,"column":30},"end":{"line":145,"column":35}},"loc":{"start":{"line":145,"column":57},"end":{"line":152,"column":5}}},"7":{"name":"(anonymous_7)","decl":{"start":{"line":154,"column":25},"end":{"line":154,"column":30}},"loc":{"start":{"line":154,"column":52},"end":{"line":156,"column":5}}},"8":{"name":"(anonymous_8)","decl":{"start":{"line":158,"column":20},"end":{"line":158,"column":25}},"loc":{"start":{"line":158,"column":51},"end":{"line":160,"column":5}}},"9":{"name":"(anonymous_9)","decl":{"start":{"line":162,"column":27},"end":{"line":162,"column":32}},"loc":{"start":{"line":162,"column":81},"end":{"line":172,"column":5}}},"10":{"name":"(anonymous_10)","decl":{"start":{"line":174,"column":30},"end":{"line":174,"column":35}},"loc":{"start":{"line":174,"column":102},"end":{"line":194,"column":5}}}},"branchMap":{"0":{"loc":{"start":{"line":69,"column":8},"end":{"line":74,"column":null}},"type":"switch","locations":[{"start":{"line":70,"column":12},"end":{"line":71,"column":null}},{"start":{"line":72,"column":12},"end":{"line":73,"column":null}}]},"1":{"loc":{"start":{"line":89,"column":8},"end":{"line":94,"column":null}},"type":"switch","locations":[{"start":{"line":90,"column":12},"end":{"line":91,"column":null}},{"start":{"line":92,"column":12},"end":{"line":93,"column":null}}]},"2":{"loc":{"start":{"line":119,"column":8},"end":{"line":128,"column":null}},"type":"switch","locations":[{"start":{"line":120,"column":12},"end":{"line":121,"column":null}},{"start":{"line":122,"column":12},"end":{"line":123,"column":null}},{"start":{"line":124,"column":12},"end":{"line":125,"column":null}},{"start":{"line":126,"column":12},"end":{"line":127,"column":null}}]},"3":{"loc":{"start":{"line":137,"column":8},"end":{"line":142,"column":null}},"type":"switch","locations":[{"start":{"line":138,"column":12},"end":{"line":139,"column":null}},{"start":{"line":140,"column":12},"end":{"line":141,"column":null}}]},"4":{"loc":{"start":{"line":163,"column":8},"end":{"line":171,"column":null}},"type":"switch","locations":[{"start":{"line":164,"column":12},"end":{"line":168,"column":null}},{"start":{"line":169,"column":12},"end":{"line":170,"column":null}}]},"5":{"loc":{"start":{"line":175,"column":8},"end":{"line":183,"column":null}},"type":"if","locations":[{"start":{"line":175,"column":8},"end":{"line":183,"column":null}},{"start":{"line":181,"column":14},"end":{"line":183,"column":null}}]},"6":{"loc":{"start":{"line":175,"column":11},"end":{"line":175,"column":41}},"type":"binary-expr","locations":[{"start":{"line":175,"column":11},"end":{"line":175,"column":24}},{"start":{"line":175,"column":28},"end":{"line":175,"column":41}}]}},"s":{"0":5,"1":5,"2":1,"3":1,"4":5,"5":1,"6":1,"7":1,"8":0,"9":5,"10":1,"11":1,"12":1,"13":0,"14":5,"15":7,"16":7,"17":7,"18":7,"19":1,"20":2,"21":2,"22":2,"23":5,"24":12,"25":12,"26":1,"27":11,"28":5,"29":0,"30":0,"31":5,"32":5,"33":5,"34":4,"35":3,"36":1,"37":5,"38":2,"39":1,"40":1,"41":5,"42":5,"43":5,"44":5},"f":{"0":5,"1":1,"2":1,"3":1,"4":7,"5":12,"6":0,"7":1,"8":1,"9":4,"10":2},"b":{"0":[1,0],"1":[1,0],"2":[1,2,2,2],"3":[1,11],"4":[3,1],"5":[1,1],"6":[2,2]}}
,"/home/nicoly/Área de Trabalho/aragon-Nicoly-Barros/modulo6/case-backend/projeto-amaro/tests/mocks/UserDatabaseMock.ts": {"path":"/home/nicoly/Área de Trabalho/aragon-Nicoly-Barros/modulo6/case-backend/projeto-amaro/tests/mocks/UserDatabaseMock.ts","statementMap":{"0":{"start":{"line":1,"column":0},"end":{"line":1,"column":62}},"1":{"start":{"line":2,"column":0},"end":{"line":2,"column":65}},"2":{"start":{"line":7,"column":11},"end":{"line":17,"column":null}},"3":{"start":{"line":8,"column":32},"end":{"line":14,"column":null}},"4":{"start":{"line":16,"column":8},"end":{"line":16,"column":null}},"5":{"start":{"line":19,"column":11},"end":{"line":32,"column":null}},"6":{"start":{"line":20,"column":8},"end":{"line":31,"column":null}},"7":{"start":{"line":22,"column":16},"end":{"line":28,"column":null}},"8":{"start":{"line":30,"column":16},"end":{"line":30,"column":null}},"9":{"start":{"line":34,"column":11},"end":{"line":36,"column":null}},"10":{"start":{"line":4,"column":0},"end":{"line":4,"column":13}},"11":{"start":{"line":5,"column":18},"end":{"line":5,"column":null}}},"fnMap":{"0":{"name":"(anonymous_0)","decl":{"start":{"line":4,"column":0},"end":{"line":4,"column":13}},"loc":{"start":{"line":4,"column":0},"end":{"line":37,"column":1}}},"1":{"name":"(anonymous_1)","decl":{"start":{"line":7,"column":27},"end":{"line":7,"column":28}},"loc":{"start":{"line":7,"column":42},"end":{"line":17,"column":5}}},"2":{"name":"(anonymous_2)","decl":{"start":{"line":19,"column":25},"end":{"line":19,"column":30}},"loc":{"start":{"line":19,"column":49},"end":{"line":32,"column":5}}},"3":{"name":"(anonymous_3)","decl":{"start":{"line":34,"column":24},"end":{"line":34,"column":29}},"loc":{"start":{"line":34,"column":45},"end":{"line":36,"column":5}}}},"branchMap":{"0":{"loc":{"start":{"line":20,"column":8},"end":{"line":31,"column":null}},"type":"switch","locations":[{"start":{"line":21,"column":12},"end":{"line":28,"column":null}},{"start":{"line":29,"column":12},"end":{"line":30,"column":null}}]}},"s":{"0":2,"1":2,"2":2,"3":0,"4":0,"5":2,"6":5,"7":3,"8":2,"9":2,"10":2,"11":2},"f":{"0":2,"1":0,"2":5,"3":1},"b":{"0":[3,2]}}
,"/home/nicoly/Área de Trabalho/aragon-Nicoly-Barros/modulo6/case-backend/projeto-amaro/tests/mocks/services/AuthenticatorMock.ts": {"path":"/home/nicoly/Área de Trabalho/aragon-Nicoly-Barros/modulo6/case-backend/projeto-amaro/tests/mocks/services/AuthenticatorMock.ts","statementMap":{"0":{"start":{"line":1,"column":0},"end":{"line":1,"column":53}},"1":{"start":{"line":5,"column":4},"end":{"line":12,"column":null}},"2":{"start":{"line":6,"column":8},"end":{"line":11,"column":null}},"3":{"start":{"line":8,"column":16},"end":{"line":8,"column":null}},"4":{"start":{"line":10,"column":16},"end":{"line":10,"column":null}},"5":{"start":{"line":14,"column":4},"end":{"line":29,"column":null}},"6":{"start":{"line":15,"column":8},"end":{"line":28,"column":null}},"7":{"start":{"line":17,"column":16},"end":{"line":20,"column":null}},"8":{"start":{"line":22,"column":16},"end":{"line":25,"column":null}},"9":{"start":{"line":27,"column":16},"end":{"line":27,"column":null}},"10":{"start":{"line":4,"column":0},"end":{"line":4,"column":13}}},"fnMap":{"0":{"name":"(anonymous_0)","decl":{"start":{"line":4,"column":0},"end":{"line":4,"column":13}},"loc":{"start":{"line":4,"column":0},"end":{"line":30,"column":1}}},"1":{"name":"(anonymous_1)","decl":{"start":{"line":5,"column":20},"end":{"line":5,"column":21}},"loc":{"start":{"line":5,"column":55},"end":{"line":12,"column":5}}},"2":{"name":"(anonymous_2)","decl":{"start":{"line":14,"column":22},"end":{"line":14,"column":23}},"loc":{"start":{"line":14,"column":62},"end":{"line":29,"column":5}}}},"branchMap":{"0":{"loc":{"start":{"line":6,"column":8},"end":{"line":11,"column":null}},"type":"switch","locations":[{"start":{"line":7,"column":12},"end":{"line":8,"column":null}},{"start":{"line":9,"column":12},"end":{"line":10,"column":null}}]},"1":{"loc":{"start":{"line":15,"column":8},"end":{"line":28,"column":null}},"type":"switch","locations":[{"start":{"line":16,"column":12},"end":{"line":20,"column":null}},{"start":{"line":21,"column":12},"end":{"line":25,"column":null}},{"start":{"line":26,"column":12},"end":{"line":27,"column":null}}]}},"s":{"0":7,"1":7,"2":2,"3":1,"4":1,"5":7,"6":10,"7":0,"8":8,"9":2,"10":7},"f":{"0":7,"1":2,"2":10},"b":{"0":[1,1],"1":[0,8,2]}}
,"/home/nicoly/Área de Trabalho/aragon-Nicoly-Barros/modulo6/case-backend/projeto-amaro/tests/mocks/services/HashManagerMock.ts": {"path":"/home/nicoly/Área de Trabalho/aragon-Nicoly-Barros/modulo6/case-backend/projeto-amaro/tests/mocks/services/HashManagerMock.ts","statementMap":{"0":{"start":{"line":2,"column":11},"end":{"line":9,"column":null}},"1":{"start":{"line":3,"column":8},"end":{"line":8,"column":null}},"2":{"start":{"line":5,"column":16},"end":{"line":5,"column":null}},"3":{"start":{"line":7,"column":16},"end":{"line":7,"column":null}},"4":{"start":{"line":11,"column":11},"end":{"line":18,"column":null}},"5":{"start":{"line":12,"column":8},"end":{"line":17,"column":null}},"6":{"start":{"line":14,"column":16},"end":{"line":14,"column":null}},"7":{"start":{"line":16,"column":16},"end":{"line":16,"column":null}},"8":{"start":{"line":1,"column":0},"end":{"line":1,"column":13}}},"fnMap":{"0":{"name":"(anonymous_0)","decl":{"start":{"line":1,"column":0},"end":{"line":1,"column":13}},"loc":{"start":{"line":1,"column":0},"end":{"line":19,"column":1}}},"1":{"name":"(anonymous_1)","decl":{"start":{"line":2,"column":18},"end":{"line":2,"column":23}},"loc":{"start":{"line":2,"column":63},"end":{"line":9,"column":5}}},"2":{"name":"(anonymous_2)","decl":{"start":{"line":11,"column":21},"end":{"line":11,"column":26}},"loc":{"start":{"line":11,"column":82},"end":{"line":18,"column":5}}}},"branchMap":{"0":{"loc":{"start":{"line":3,"column":8},"end":{"line":8,"column":null}},"type":"switch","locations":[{"start":{"line":4,"column":12},"end":{"line":5,"column":null}},{"start":{"line":6,"column":12},"end":{"line":7,"column":null}}]},"1":{"loc":{"start":{"line":12,"column":8},"end":{"line":17,"column":null}},"type":"switch","locations":[{"start":{"line":13,"column":12},"end":{"line":14,"column":null}},{"start":{"line":15,"column":12},"end":{"line":16,"column":null}}]}},"s":{"0":7,"1":1,"2":0,"3":1,"4":7,"5":2,"6":1,"7":1,"8":7},"f":{"0":7,"1":1,"2":2},"b":{"0":[0,1],"1":[1,1]}}
,"/home/nicoly/Área de Trabalho/aragon-Nicoly-Barros/modulo6/case-backend/projeto-amaro/tests/mocks/services/IdGeneratorMock.ts": {"path":"/home/nicoly/Área de Trabalho/aragon-Nicoly-Barros/modulo6/case-backend/projeto-amaro/tests/mocks/services/IdGeneratorMock.ts","statementMap":{"0":{"start":{"line":2,"column":11},"end":{"line":4,"column":null}},"1":{"start":{"line":3,"column":8},"end":{"line":3,"column":null}},"2":{"start":{"line":1,"column":0},"end":{"line":1,"column":13}}},"fnMap":{"0":{"name":"(anonymous_0)","decl":{"start":{"line":1,"column":0},"end":{"line":1,"column":13}},"loc":{"start":{"line":1,"column":0},"end":{"line":5,"column":1}}},"1":{"name":"(anonymous_1)","decl":{"start":{"line":2,"column":22},"end":{"line":2,"column":33}},"loc":{"start":{"line":2,"column":35},"end":{"line":4,"column":5}}}},"branchMap":{},"s":{"0":7,"1":3,"2":7},"f":{"0":7,"1":3},"b":{}}
}
