TN:
SF:src/business/PingBusiness.ts
FN:1,(anonymous_0)
FN:2,(anonymous_1)
FNF:2
FNH:2
FNDA:1,(anonymous_0)
FNDA:1,(anonymous_1)
DA:1,1
DA:2,1
DA:3,1
DA:7,1
LF:4
LH:4
BRF:0
BRH:0
end_of_record
TN:
SF:src/business/ProductBusiness.ts
FN:12,(anonymous_0)
FN:19,(anonymous_1)
FN:29,(anonymous_2)
FN:40,(anonymous_3)
FN:55,(anonymous_4)
FN:66,(anonymous_5)
FN:79,(anonymous_6)
FN:88,(anonymous_7)
FN:104,(anonymous_8)
FN:141,(anonymous_9)
FN:178,(anonymous_10)
FNF:11
FNH:10
FNDA:5,(anonymous_0)
FNDA:2,(anonymous_1)
FNDA:2,(anonymous_2)
FNDA:0,(anonymous_3)
FNDA:10,(anonymous_4)
FNDA:2,(anonymous_5)
FNDA:2,(anonymous_6)
FNDA:1,(anonymous_7)
FNDA:4,(anonymous_8)
FNDA:6,(anonymous_9)
FNDA:2,(anonymous_10)
DA:2,5
DA:3,5
DA:4,5
DA:5,5
DA:6,5
DA:11,5
DA:13,5
DA:14,5
DA:15,5
DA:16,5
DA:19,5
DA:20,2
DA:22,2
DA:23,1
DA:25,1
DA:26,0
DA:29,1
DA:30,2
DA:36,1
DA:38,2
DA:40,2
DA:43,2
DA:46,1
DA:50,1
DA:53,1
DA:55,1
DA:56,10
DA:62,1
DA:64,10
DA:66,10
DA:68,10
DA:71,1
DA:75,1
DA:79,5
DA:80,2
DA:82,2
DA:84,2
DA:85,1
DA:88,1
DA:90,1
DA:92,1
DA:93,0
DA:96,1
DA:100,1
DA:104,5
DA:105,4
DA:106,4
DA:107,4
DA:109,4
DA:110,1
DA:113,3
DA:114,1
DA:117,2
DA:118,0
DA:121,2
DA:122,1
DA:125,1
DA:127,1
DA:132,1
DA:134,1
DA:138,1
DA:141,5
DA:142,6
DA:143,6
DA:144,6
DA:146,6
DA:148,6
DA:149,1
DA:152,5
DA:153,0
DA:157,5
DA:158,1
DA:161,4
DA:162,0
DA:165,4
DA:167,4
DA:168,1
DA:171,3
DA:173,3
DA:174,1
DA:177,2
DA:178,2
DA:180,2
DA:182,2
DA:183,1
DA:186,1
DA:188,1
DA:194,1
DA:196,1
DA:200,1
LF:90
LH:85
BRDA:22,0,0,1
BRDA:25,1,0,0
BRDA:84,2,0,1
BRDA:92,3,0,0
BRDA:92,4,0,1
BRDA:92,4,1,1
BRDA:109,5,0,1
BRDA:113,6,0,1
BRDA:117,7,0,0
BRDA:121,8,0,1
BRDA:148,9,0,1
BRDA:152,10,0,0
BRDA:157,11,0,1
BRDA:161,12,0,0
BRDA:167,13,0,1
BRDA:173,14,0,1
BRDA:182,15,0,1
BRF:17
BRH:12
end_of_record
TN:
SF:src/business/UserBusiness.ts
FN:12,(anonymous_0)
FN:19,(anonymous_1)
FN:85,(anonymous_2)
FNF:3
FNH:3
FNDA:2,(anonymous_0)
FNDA:4,(anonymous_1)
FNDA:4,(anonymous_2)
DA:2,2
DA:3,2
DA:4,2
DA:5,2
DA:6,2
DA:11,2
DA:13,2
DA:14,2
DA:15,2
DA:16,2
DA:19,2
DA:20,4
DA:22,4
DA:23,0
DA:26,4
DA:27,0
DA:30,4
DA:31,0
DA:34,4
DA:35,0
DA:38,4
DA:39,0
DA:42,4
DA:43,1
DA:46,3
DA:47,1
DA:50,2
DA:52,2
DA:53,1
DA:56,1
DA:57,1
DA:59,1
DA:67,1
DA:69,1
DA:74,1
DA:76,1
DA:81,1
DA:85,2
DA:86,4
DA:88,4
DA:89,0
DA:92,4
DA:93,0
DA:96,4
DA:97,0
DA:100,4
DA:101,0
DA:104,4
DA:105,1
DA:108,3
DA:110,3
DA:111,1
DA:114,2
DA:122,2
DA:127,2
DA:128,1
DA:131,1
DA:136,1
DA:138,1
DA:143,1
LF:60
LH:51
BRDA:22,0,0,0
BRDA:22,1,0,4
BRDA:22,1,1,4
BRDA:22,1,2,4
BRDA:26,2,0,0
BRDA:30,3,0,0
BRDA:34,4,0,0
BRDA:38,5,0,0
BRDA:42,6,0,1
BRDA:46,7,0,1
BRDA:52,8,0,1
BRDA:88,9,0,0
BRDA:88,10,0,4
BRDA:88,10,1,4
BRDA:92,11,0,0
BRDA:96,12,0,0
BRDA:100,13,0,0
BRDA:104,14,0,1
BRDA:110,15,0,1
BRDA:127,16,0,1
BRF:20
BRH:11
end_of_record
TN:
SF:src/database/BaseDatabase.ts
FNF:0
FNH:0
DA:1,7
DA:2,7
DA:4,7
DA:6,7
DA:7,7
LF:5
LH:5
BRF:0
BRH:0
end_of_record
TN:
SF:src/errors/BaseError.ts
FN:2,(anonymous_0)
FNF:1
FNH:1
FNDA:15,(anonymous_0)
DA:1,7
DA:3,15
DA:6,15
LF:3
LH:3
BRDA:3,0,0,0
BRDA:4,1,0,0
BRF:2
BRH:0
end_of_record
TN:
SF:src/errors/ConflictError.ts
FN:4,(anonymous_0)
FNF:1
FNH:1
FNDA:2,(anonymous_0)
DA:1,7
DA:3,7
DA:7,2
LF:3
LH:3
BRDA:5,0,0,0
BRF:1
BRH:0
end_of_record
TN:
SF:src/errors/NotFoundError.ts
FN:4,(anonymous_0)
FNF:1
FNH:1
FNDA:3,(anonymous_0)
DA:1,7
DA:3,7
DA:7,3
LF:3
LH:3
BRDA:5,0,0,0
BRF:1
BRH:0
end_of_record
TN:
SF:src/errors/RequestError.ts
FN:4,(anonymous_0)
FNF:1
FNH:1
FNDA:7,(anonymous_0)
DA:1,7
DA:3,7
DA:7,7
LF:3
LH:3
BRDA:5,0,0,0
BRF:1
BRH:0
end_of_record
TN:
SF:src/errors/UnauthorizedError.ts
FN:4,(anonymous_0)
FNF:1
FNH:1
FNDA:3,(anonymous_0)
DA:1,7
DA:3,7
DA:7,3
LF:3
LH:3
BRDA:5,0,0,0
BRF:1
BRH:0
end_of_record
TN:
SF:src/models/Products.ts
FN:18,(anonymous_0)
FN:24,(anonymous_1)
FN:28,(anonymous_2)
FN:32,(anonymous_3)
FN:36,(anonymous_4)
FN:40,(anonymous_5)
FN:44,(anonymous_6)
FNF:7
FNH:4
FNDA:13,(anonymous_0)
FNDA:14,(anonymous_1)
FNDA:2,(anonymous_2)
FNDA:0,(anonymous_3)
FNDA:0,(anonymous_4)
FNDA:0,(anonymous_5)
FNDA:12,(anonymous_6)
DA:17,5
DA:19,13
DA:20,13
DA:21,13
DA:24,13
DA:25,14
DA:28,13
DA:29,2
DA:32,13
DA:33,0
DA:36,13
DA:37,0
DA:40,13
DA:41,0
DA:44,13
DA:45,12
LF:16
LH:13
BRDA:21,0,0,13
BRF:1
BRH:1
end_of_record
TN:
SF:src/models/User.ts
FN:1,(anonymous_0)
FN:15,(anonymous_1)
FN:23,(anonymous_2)
FN:27,(anonymous_3)
FN:31,(anonymous_4)
FN:35,(anonymous_5)
FN:39,(anonymous_6)
FN:43,(anonymous_7)
FN:47,(anonymous_8)
FN:51,(anonymous_9)
FN:55,(anonymous_10)
FN:59,(anonymous_11)
FNF:12
FNH:5
FNDA:7,(anonymous_0)
FNDA:3,(anonymous_1)
FNDA:2,(anonymous_2)
FNDA:0,(anonymous_3)
FNDA:0,(anonymous_4)
FNDA:2,(anonymous_5)
FNDA:2,(anonymous_6)
FNDA:0,(anonymous_7)
FNDA:0,(anonymous_8)
FNDA:0,(anonymous_9)
FNDA:0,(anonymous_10)
FNDA:0,(anonymous_11)
DA:1,7
DA:2,7
DA:3,7
DA:14,7
DA:16,3
DA:17,3
DA:18,3
DA:19,3
DA:20,3
DA:23,3
DA:24,2
DA:27,3
DA:28,0
DA:31,3
DA:32,0
DA:35,3
DA:36,2
DA:39,3
DA:40,2
DA:43,3
DA:44,0
DA:47,3
DA:48,0
DA:51,3
DA:52,0
DA:55,3
DA:56,0
DA:59,3
DA:60,0
LF:29
LH:22
BRDA:1,0,0,7
BRDA:1,0,1,7
BRF:2
BRH:2
end_of_record
TN:
SF:tests/mocks/ProductDatabaseMock.ts
FN:5,(anonymous_0)
FN:10,(anonymous_1)
FN:57,(anonymous_2)
FN:77,(anonymous_3)
FN:97,(anonymous_4)
FN:131,(anonymous_5)
FN:145,(anonymous_6)
FN:154,(anonymous_7)
FN:158,(anonymous_8)
FN:162,(anonymous_9)
FN:174,(anonymous_10)
FNF:11
FNH:10
FNDA:5,(anonymous_0)
FNDA:1,(anonymous_1)
FNDA:1,(anonymous_2)
FNDA:1,(anonymous_3)
FNDA:7,(anonymous_4)
FNDA:12,(anonymous_5)
FNDA:0,(anonymous_6)
FNDA:1,(anonymous_7)
FNDA:1,(anonymous_8)
FNDA:4,(anonymous_9)
FNDA:2,(anonymous_10)
DA:1,5
DA:5,5
DA:6,5
DA:7,5
DA:8,5
DA:10,5
DA:11,1
DA:54,1
DA:57,5
DA:58,1
DA:69,1
DA:71,1
DA:73,0
DA:77,5
DA:78,1
DA:89,1
DA:91,1
DA:93,0
DA:97,5
DA:98,7
DA:105,7
DA:112,7
DA:119,7
DA:121,1
DA:123,2
DA:125,2
DA:127,2
DA:131,5
DA:132,12
DA:137,12
DA:139,1
DA:141,11
DA:145,5
DA:146,0
DA:151,0
DA:154,5
DA:158,5
DA:162,5
DA:163,4
DA:165,3
DA:170,1
DA:174,5
DA:175,2
DA:176,1
DA:182,1
LF:45
LH:41
BRDA:69,0,0,1
BRDA:69,0,1,0
BRDA:89,1,0,1
BRDA:89,1,1,0
BRDA:119,2,0,1
BRDA:119,2,1,2
BRDA:119,2,2,2
BRDA:119,2,3,2
BRDA:137,3,0,1
BRDA:137,3,1,11
BRDA:163,4,0,3
BRDA:163,4,1,1
BRDA:175,5,0,1
BRDA:175,5,1,1
BRDA:175,6,0,2
BRDA:175,6,1,2
BRF:16
BRH:14
end_of_record
TN:
SF:tests/mocks/UserDatabaseMock.ts
FN:4,(anonymous_0)
FN:7,(anonymous_1)
FN:19,(anonymous_2)
FN:34,(anonymous_3)
FNF:4
FNH:3
FNDA:2,(anonymous_0)
FNDA:0,(anonymous_1)
FNDA:5,(anonymous_2)
FNDA:1,(anonymous_3)
DA:1,2
DA:2,2
DA:4,2
DA:5,2
DA:7,2
DA:8,0
DA:16,0
DA:19,2
DA:20,5
DA:22,3
DA:30,2
DA:34,2
LF:12
LH:10
BRDA:20,0,0,3
BRDA:20,0,1,2
BRF:2
BRH:2
end_of_record
TN:
SF:tests/mocks/services/AuthenticatorMock.ts
FN:4,(anonymous_0)
FN:5,(anonymous_1)
FN:14,(anonymous_2)
FNF:3
FNH:3
FNDA:7,(anonymous_0)
FNDA:2,(anonymous_1)
FNDA:10,(anonymous_2)
DA:1,7
DA:4,7
DA:5,7
DA:6,2
DA:8,1
DA:10,1
DA:14,7
DA:15,10
DA:17,0
DA:22,8
DA:27,2
LF:11
LH:10
BRDA:6,0,0,1
BRDA:6,0,1,1
BRDA:15,1,0,0
BRDA:15,1,1,8
BRDA:15,1,2,2
BRF:5
BRH:4
end_of_record
TN:
SF:tests/mocks/services/HashManagerMock.ts
FN:1,(anonymous_0)
FN:2,(anonymous_1)
FN:11,(anonymous_2)
FNF:3
FNH:3
FNDA:7,(anonymous_0)
FNDA:1,(anonymous_1)
FNDA:2,(anonymous_2)
DA:1,7
DA:2,7
DA:3,1
DA:5,0
DA:7,1
DA:11,7
DA:12,2
DA:14,1
DA:16,1
LF:9
LH:8
BRDA:3,0,0,0
BRDA:3,0,1,1
BRDA:12,1,0,1
BRDA:12,1,1,1
BRF:4
BRH:3
end_of_record
TN:
SF:tests/mocks/services/IdGeneratorMock.ts
FN:1,(anonymous_0)
FN:2,(anonymous_1)
FNF:2
FNH:2
FNDA:7,(anonymous_0)
FNDA:3,(anonymous_1)
DA:1,7
DA:2,7
DA:3,3
LF:3
LH:3
BRF:0
BRH:0
end_of_record
